<?xml version="1.0" encoding="UTF-8" ?>
<testsuite tests="11" failures="0" name="org.springframework.samples.petclinic.web.OwnerControllerTests" time="0.742" errors="0" skipped="0">
  <properties>
[...]
</properties>
  <testcase classname="org.springframework.samples.petclinic.web.OwnerControllerTests" name="testProcessUpdateOwnerFormHasErrors" time="0.201"/>
  <testcase classname="org.springframework.samples.petclinic.web.OwnerControllerTests" name="testProcessCreationFormSuccess" time="0.107"/>
  <testcase classname="org.springframework.samples.petclinic.web.OwnerControllerTests" name="testInitFindForm" time="0.026"/>
  <testcase classname="org.springframework.samples.petclinic.web.OwnerControllerTests" name="testShowOwner" time="0.102"/>
  <testcase classname="org.springframework.samples.petclinic.web.OwnerControllerTests" name="testInitUpdateOwnerForm" time="0.133"/>
  <testcase classname="org.springframework.samples.petclinic.web.OwnerControllerTests" name="testInitCreationForm" time="0.021"/>
  <testcase classname="org.springframework.samples.petclinic.web.OwnerControllerTests" name="testProcessFindFormByLastName" time="0.029"/>
  <testcase classname="org.springframework.samples.petclinic.web.OwnerControllerTests" name="testProcessFindFormNoOwnersFound" time="0.014"/>
  <testcase classname="org.springframework.samples.petclinic.web.OwnerControllerTests" name="testProcessFindFormSuccess" time="0.041"/>
  <testcase classname="org.springframework.samples.petclinic.web.OwnerControllerTests" name="testProcessUpdateOwnerFormSuccess" time="0.045"/>
  <testcase classname="org.springframework.samples.petclinic.web.OwnerControllerTests" name="testProcessCreationFormHasErrors" time="0.023"/>
</testsuite>